<?xml version="1.0" encoding="UTF-8"?>
<!-- Generated by org.testng.reporters.JUnitXMLReporter -->
<testsuite ignored="0" hostname="LAPTOP-S70A7DB2" failures="0" tests="6" name="Assignment" time="11.454" errors="0" timestamp="2023-05-01T12:22:43 IST">
  <testcase classname="Scripts.TestCase" name="TC_1" time="0.099"/>
  <testcase classname="Scripts.TestCase" name="TC_2" time="0.051"/>
  <testcase classname="Scripts.TestCase" name="TC_3" time="0.54"/>
  <testcase classname="Scripts.TestCase" name="TC_4" time="0.107"/>
  <testcase classname="Scripts.TestCase" name="TC_5" time="0.098"/>
  <testcase classname="Scripts.TestCase" name="TC_6" time="0.248"/>
</testsuite> <!-- Assignment -->
